<?xml version="1.0" encoding="UTF-8"?>
<!-- Generated by org.testng.reporters.JUnitReportReporter -->
<testsuite hostname="MAVBCP3329" failures="0" tests="1" name="com.maven.autosel.MouseAction" time="3.223" errors="0" timestamp="2021-09-23T09:41:32 IST" skipped="0">
  <testcase classname="com.maven.autosel.MouseAction" name="point" time="3.223"/>
  <system-out/>
</testsuite> <!-- com.maven.autosel.MouseAction -->
