<?xml version="1.0" encoding="UTF-8"?>
<!-- Generated by org.testng.reporters.JUnitReportReporter -->
<testsuite hostname="MAVBCP3329" failures="0" tests="2" name="com.maven.autosel.CrossBrowserScript" time="33.647" errors="0" timestamp="2021-09-23T11:21:32 IST" skipped="0">
  <testcase classname="com.maven.autosel.CrossBrowserScript" name="testParameterWithXML" time="17.700"/>
  <system-out/>
  <testcase classname="com.maven.autosel.CrossBrowserScript" name="testParameterWithXML" time="15.947"/>
  <system-out/>
</testsuite> <!-- com.maven.autosel.CrossBrowserScript -->
