<?xml version="1.0" encoding="UTF-8"?>
<!-- Generated by org.testng.reporters.JUnitReportReporter -->
<testsuite hostname="MAVBCP3329" failures="0" tests="1" name="com.maven.autosel.windowshandles" time="12.731" errors="0" timestamp="2021-09-23T15:07:51 IST" skipped="0">
  <testcase classname="com.maven.autosel.windowshandles" name="winhadlesexample" time="12.731"/>
  <system-out/>
</testsuite> <!-- com.maven.autosel.windowshandles -->
