<?xml version="1.0" encoding="UTF-8"?>
<!-- Generated by org.testng.reporters.JUnitReportReporter -->
<testsuite hostname="MAVBCP3329" failures="0" tests="1" name="com.maven.autosel.RecorderScript" time="23.085" errors="0" timestamp="2021-09-28T11:00:50 IST" skipped="0">
  <testcase classname="com.maven.autosel.RecorderScript" name="testParameterWithXML" time="23.085"/>
  <system-out/>
</testsuite> <!-- com.maven.autosel.RecorderScript -->
