<?xml version="1.0" encoding="UTF-8"?>
<!-- Generated by org.testng.reporters.JUnitReportReporter -->
<testsuite skipped="0" hostname="MAVBCP3329" name="com.maven.autosel.RecorderScript" tests="2" failures="0" timestamp="2021-09-29T10:08:30 IST" time="56.255" errors="0">
  <testcase name="testParameterWithXML" time="37.898" classname="com.maven.autosel.RecorderScript"/>
  <system-out/>
  <testcase name="testParameterWithXML" time="18.357" classname="com.maven.autosel.RecorderScript"/>
  <system-out/>
</testsuite> <!-- com.maven.autosel.RecorderScript -->
